<?xml version="1.0" encoding="UTF-8"?>
<!-- Generated by org.testng.reporters.JUnitXMLReporter -->
<testsuite ignored="0" hostname="DESKTOP-TD3KLSF" failures="0" tests="7" name="Test2" time="21.203" errors="0" timestamp="2025-07-16T15:05:32 IST">
  <testcase classname="testclasses.LoginPageTest" name="verifyLogoDisplayed" time="0.257"/>
  <testcase classname="testclasses.LoginPageTest" name="verifyTitleofthePage" time="0.001">
    <skipped/>
  </testcase> <!-- verifyTitleofthePage -->
  <testcase classname="testclasses.LoginPageTest" name="verifyIstheremembermecheckboxenaled" time="0.0">
    <skipped/>
  </testcase> <!-- verifyIstheremembermecheckboxenaled -->
  <testcase classname="testclasses.LoginPageTest" name="verifySuccessfulLogin" time="0.0">
    <skipped/>
  </testcase> <!-- verifySuccessfulLogin -->
  <testcase classname="testclasses.LoginPageTest" name="verifyUnsuccessfulLogin" time="0.0">
    <skipped/>
  </testcase> <!-- verifyUnsuccessfulLogin -->
  <testcase classname="testclasses.LoginPageTest" name="verifyUnsuccessfulLogin" time="0.0">
    <skipped/>
  </testcase> <!-- verifyUnsuccessfulLogin -->
  <testcase classname="testclasses.LoginPageTest" name="verifyUnsuccessfulLogin" time="0.001">
    <skipped/>
  </testcase> <!-- verifyUnsuccessfulLogin -->
</testsuite> <!-- Test2 -->
