<?xml version="1.0" encoding="UTF-8"?>
<!-- Generated by org.testng.reporters.JUnitXMLReporter -->
<testsuite ignored="0" hostname="DESKTOP-TD3KLSF" failures="0" tests="14" name="Surefire test" time="247.812" errors="0" timestamp="2025-07-14T02:30:46 IST">
  <testcase classname="testclasses.ContactsTest" name="verifyFileUploadedfailedmsg" time="15.81"/>
  <testcase classname="testclasses.ContactsTest" name="verifyReachedSupplierPage" time="11.599"/>
  <testcase classname="testclasses.ContactsTest" name="verifytogetRowCount" time="11.295"/>
  <testcase classname="testclasses.HomePageTest" name="calculatorname" time="12.214"/>
  <testcase classname="testclasses.HomePageTest" name="verifyReachedUserManagementPage" time="8.301"/>
  <testcase classname="testclasses.LoginPageTest" name="verifyIstheremembermecheckboxenaled" time="0.089"/>
  <testcase classname="testclasses.LoginPageTest" name="verifyLogoDisplayed" time="0.045"/>
  <testcase classname="testclasses.LoginPageTest" name="verifySuccessfulLogin" time="5.86"/>
  <testcase classname="testclasses.LoginPageTest" name="verifyTitleofthePage" time="0.077"/>
  <testcase classname="testclasses.LoginPageTest" name="verifyUnsuccessfulLogin" time="2.419"/>
  <testcase classname="testclasses.LoginPageTest" name="verifyUnsuccessfulLogin" time="1.962"/>
  <testcase classname="testclasses.LoginPageTest" name="verifyUnsuccessfulLogin" time="1.699"/>
  <testcase classname="testclasses.UserManagementTest" name="verifyForAdduserstext" time="12.553"/>
  <testcase classname="testclasses.UserManagementTest" name="verifynewuserCreated" time="17.53"/>
</testsuite> <!-- Surefire test -->
