<?xml version="1.0" encoding="UTF-8"?>
<!-- Generated by org.testng.reporters.JUnitXMLReporter -->
<testsuite ignored="2" hostname="DESKTOP-TD3KLSF" failures="0" tests="1" name="Default test" time="21.24" errors="0" timestamp="2025-07-14T01:58:50 IST">
  <testcase classname="testclasses.ContactsTest" name="verifyFileUploadedfailedmsg" time="16.049"/>
  <testcase classname="testclasses.ContactsTest" name="verifyReachedSupplierPage" time="0.0">
    <ignored/>
  </testcase> <!-- verifyReachedSupplierPage -->
  <testcase classname="testclasses.ContactsTest" name="verifytogetRowCount" time="0.0">
    <ignored/>
  </testcase> <!-- verifytogetRowCount -->
</testsuite> <!-- Default test -->
