<?xml version="1.0" encoding="UTF-8"?>
<!-- Generated by org.testng.reporters.JUnitXMLReporter -->
<testsuite ignored="3" hostname="DESKTOP-TD3KLSF" failures="0" tests="14" name="Test" time="165.825" errors="0" timestamp="2025-07-15T22:19:57 IST">
  <testcase classname="testclasses.LoginPageTest" name="verifyLogoDisplayed" time="0.115"/>
  <testcase classname="testclasses.LoginPageTest" name="verifyTitleofthePage" time="1.049"/>
  <testcase classname="testclasses.LoginPageTest" name="verifyIstheremembermecheckboxenaled" time="0.052"/>
  <testcase classname="testclasses.LoginPageTest" name="verifySuccessfulLogin" time="4.21"/>
  <testcase classname="testclasses.LoginPageTest" name="verifyUnsuccessfulLogin" time="1.447"/>
  <testcase classname="testclasses.LoginPageTest" name="verifyUnsuccessfulLogin" time="1.247"/>
  <testcase classname="testclasses.LoginPageTest" name="verifyUnsuccessfulLogin" time="1.526"/>
  <testcase classname="testclasses.ContactsTest" name="verifyReachedSupplierPage" time="9.263"/>
  <testcase classname="testclasses.ContactsTest" name="verifytogetRowCount" time="12.579"/>
  <testcase classname="testclasses.ContactsTest" name="verifyFileUploadedfailedmsg" time="15.327"/>
  <testcase classname="testclasses.HomePageTest" name="verifyReachedUserManagementPage" time="7.231"/>
  <testcase classname="testclasses.HomePageTest" name="calculatorname" time="8.519"/>
  <testcase classname="testclasses.UserManagementTest" name="verifyForAdduserstext" time="9.161"/>
  <testcase classname="testclasses.UserManagementTest" name="verifynewuserCreated" time="16.615"/>
  <testcase classname="baseclass.BaseClass" name="@BeforeSuite createReport" time="0.0">
    <ignored/>
  </testcase> <!-- @BeforeSuite createReport -->
  <testcase classname="baseclass.BaseClass" name="@BeforeSuite createReport" time="0.0">
    <ignored/>
  </testcase> <!-- @BeforeSuite createReport -->
  <testcase classname="baseclass.BaseClass" name="@BeforeSuite createReport" time="0.0">
    <ignored/>
  </testcase> <!-- @BeforeSuite createReport -->
</testsuite> <!-- Test -->
