<?xml version="1.0" encoding="UTF-8"?>
<testng-results ignored="0" total="14" passed="14" failed="0" skipped="0">
  <reporter-output>
  </reporter-output>
  <suite started-at="2025-07-17T12:31:32 IST" name="TestSuite" finished-at="2025-07-17T12:33:58 IST" duration-ms="145834">
    <groups>
      <group name="Group1">
        <method signature="LoginPageTest.verifyUnsuccessfulLogin(java.lang.String,java.lang.String)[pri:4, instance:testclasses.LoginPageTest@4bc222e]" name="verifyUnsuccessfulLogin" class="testclasses.LoginPageTest"/>
      </group> <!-- Group1 -->
      <group name="Group2">
        <method signature="LoginPageTest.verifyTitleofthePage()[pri:1, instance:testclasses.LoginPageTest@4bc222e]" name="verifyTitleofthePage" class="testclasses.LoginPageTest"/>
      </group> <!-- Group2 -->
      <group name="Groups1">
        <method signature="HomePageTest.calculatorname()[pri:1, instance:testclasses.HomePageTest@31edaa7d]" name="calculatorname" class="testclasses.HomePageTest"/>
        <method signature="LoginPageTest.verifyIstheremembermecheckboxenaled()[pri:2, instance:testclasses.LoginPageTest@4bc222e]" name="verifyIstheremembermecheckboxenaled" class="testclasses.LoginPageTest"/>
        <method signature="LoginPageTest.verifySuccessfulLogin()[pri:3, instance:testclasses.LoginPageTest@4bc222e]" name="verifySuccessfulLogin" class="testclasses.LoginPageTest"/>
      </group> <!-- Groups1 -->
    </groups>
    <test started-at="2025-07-17T12:31:32 IST" name="Test" finished-at="2025-07-17T12:33:58 IST" duration-ms="145834">
      <class name="testclasses.ContactsTest">
        <test-method is-config="true" signature="beforeMethod(java.lang.String)[pri:0, instance:testclasses.ContactsTest@2bec854f]" started-at="2025-07-17T12:32:13 IST" name="beforeMethod" finished-at="2025-07-17T12:32:17 IST" duration-ms="4783" status="PASS">
          <params>
            <param index="0">
              <value>
                <![CDATA[chrome]]>
              </value>
            </param>
          </params>
          <reporter-output>
          </reporter-output>
        </test-method> <!-- beforeMethod -->
        <test-method signature="verifyReachedSupplierPage()[pri:0, instance:testclasses.ContactsTest@2bec854f]" started-at="2025-07-17T12:32:17 IST" name="verifyReachedSupplierPage" finished-at="2025-07-17T12:32:27 IST" duration-ms="9378" status="PASS">
          <reporter-output>
          </reporter-output>
        </test-method> <!-- verifyReachedSupplierPage -->
        <test-method is-config="true" signature="afterMethod()[pri:0, instance:testclasses.ContactsTest@2bec854f]" started-at="2025-07-17T12:32:27 IST" name="afterMethod" finished-at="2025-07-17T12:32:27 IST" duration-ms="323" status="PASS">
          <reporter-output>
          </reporter-output>
        </test-method> <!-- afterMethod -->
        <test-method is-config="true" signature="beforeMethod(java.lang.String)[pri:0, instance:testclasses.ContactsTest@2bec854f]" started-at="2025-07-17T12:32:27 IST" name="beforeMethod" finished-at="2025-07-17T12:32:31 IST" duration-ms="3909" status="PASS">
          <params>
            <param index="0">
              <value>
                <![CDATA[chrome]]>
              </value>
            </param>
          </params>
          <reporter-output>
          </reporter-output>
        </test-method> <!-- beforeMethod -->
        <test-method signature="verifytogetRowCount()[pri:1, instance:testclasses.ContactsTest@2bec854f]" started-at="2025-07-17T12:32:31 IST" name="verifytogetRowCount" finished-at="2025-07-17T12:32:43 IST" duration-ms="12533" status="PASS">
          <reporter-output>
          </reporter-output>
        </test-method> <!-- verifytogetRowCount -->
        <test-method is-config="true" signature="afterMethod()[pri:0, instance:testclasses.ContactsTest@2bec854f]" started-at="2025-07-17T12:32:43 IST" name="afterMethod" finished-at="2025-07-17T12:32:44 IST" duration-ms="335" status="PASS">
          <reporter-output>
          </reporter-output>
        </test-method> <!-- afterMethod -->
        <test-method is-config="true" signature="beforeMethod(java.lang.String)[pri:0, instance:testclasses.ContactsTest@2bec854f]" started-at="2025-07-17T12:32:44 IST" name="beforeMethod" finished-at="2025-07-17T12:32:48 IST" duration-ms="3885" status="PASS">
          <params>
            <param index="0">
              <value>
                <![CDATA[chrome]]>
              </value>
            </param>
          </params>
          <reporter-output>
          </reporter-output>
        </test-method> <!-- beforeMethod -->
        <test-method signature="verifyFileUploadedfailedmsg()[pri:2, instance:testclasses.ContactsTest@2bec854f]" started-at="2025-07-17T12:32:48 IST" name="verifyFileUploadedfailedmsg" finished-at="2025-07-17T12:33:02 IST" duration-ms="14099" status="PASS">
          <reporter-output>
          </reporter-output>
        </test-method> <!-- verifyFileUploadedfailedmsg -->
        <test-method is-config="true" signature="afterMethod()[pri:0, instance:testclasses.ContactsTest@2bec854f]" started-at="2025-07-17T12:33:02 IST" name="afterMethod" finished-at="2025-07-17T12:33:02 IST" duration-ms="335" status="PASS">
          <reporter-output>
          </reporter-output>
        </test-method> <!-- afterMethod -->
      </class> <!-- testclasses.ContactsTest -->
      <class name="testclasses.HomePageTest">
        <test-method is-config="true" signature="beforeMethod(java.lang.String)[pri:0, instance:testclasses.HomePageTest@31edaa7d]" started-at="2025-07-17T12:33:02 IST" name="beforeMethod" finished-at="2025-07-17T12:33:06 IST" duration-ms="3963" status="PASS">
          <params>
            <param index="0">
              <value>
                <![CDATA[chrome]]>
              </value>
            </param>
          </params>
          <reporter-output>
          </reporter-output>
        </test-method> <!-- beforeMethod -->
        <test-method signature="verifyReachedUserManagementPage()[pri:0, instance:testclasses.HomePageTest@31edaa7d]" started-at="2025-07-17T12:33:06 IST" name="verifyReachedUserManagementPage" finished-at="2025-07-17T12:33:13 IST" duration-ms="6587" status="PASS">
          <reporter-output>
          </reporter-output>
        </test-method> <!-- verifyReachedUserManagementPage -->
        <test-method is-config="true" signature="afterMethod()[pri:0, instance:testclasses.HomePageTest@31edaa7d]" started-at="2025-07-17T12:33:13 IST" name="afterMethod" finished-at="2025-07-17T12:33:13 IST" duration-ms="326" status="PASS">
          <reporter-output>
          </reporter-output>
        </test-method> <!-- afterMethod -->
        <test-method is-config="true" signature="beforeMethod(java.lang.String)[pri:0, instance:testclasses.HomePageTest@31edaa7d]" started-at="2025-07-17T12:33:13 IST" name="beforeMethod" finished-at="2025-07-17T12:33:18 IST" duration-ms="4839" status="PASS">
          <params>
            <param index="0">
              <value>
                <![CDATA[chrome]]>
              </value>
            </param>
          </params>
          <reporter-output>
          </reporter-output>
        </test-method> <!-- beforeMethod -->
        <test-method signature="calculatorname()[pri:1, instance:testclasses.HomePageTest@31edaa7d]" started-at="2025-07-17T12:33:18 IST" name="calculatorname" finished-at="2025-07-17T12:33:26 IST" duration-ms="7856" status="PASS">
          <reporter-output>
          </reporter-output>
        </test-method> <!-- calculatorname -->
        <test-method is-config="true" signature="afterMethod()[pri:0, instance:testclasses.HomePageTest@31edaa7d]" started-at="2025-07-17T12:33:26 IST" name="afterMethod" finished-at="2025-07-17T12:33:26 IST" duration-ms="351" status="PASS">
          <reporter-output>
          </reporter-output>
        </test-method> <!-- afterMethod -->
      </class> <!-- testclasses.HomePageTest -->
      <class name="testclasses.LoginPageTest">
        <test-method is-config="true" signature="createReport()[pri:0, instance:testclasses.LoginPageTest@4bc222e]" started-at="2025-07-17T12:31:32 IST" name="createReport" finished-at="2025-07-17T12:31:32 IST" duration-ms="18" status="PASS">
          <reporter-output>
          </reporter-output>
        </test-method> <!-- createReport -->
        <test-method is-config="true" signature="beforeMethod(java.lang.String)[pri:0, instance:testclasses.LoginPageTest@4bc222e]" started-at="2025-07-17T12:31:32 IST" name="beforeMethod" finished-at="2025-07-17T12:31:37 IST" duration-ms="4792" status="PASS">
          <params>
            <param index="0">
              <value>
                <![CDATA[chrome]]>
              </value>
            </param>
          </params>
          <reporter-output>
          </reporter-output>
        </test-method> <!-- beforeMethod -->
        <test-method signature="verifyLogoDisplayed()[pri:0, instance:testclasses.LoginPageTest@4bc222e]" started-at="2025-07-17T12:31:37 IST" name="verifyLogoDisplayed" finished-at="2025-07-17T12:31:37 IST" duration-ms="109" status="PASS">
          <reporter-output>
          </reporter-output>
        </test-method> <!-- verifyLogoDisplayed -->
        <test-method is-config="true" signature="afterMethod()[pri:0, instance:testclasses.LoginPageTest@4bc222e]" started-at="2025-07-17T12:31:37 IST" name="afterMethod" finished-at="2025-07-17T12:31:37 IST" duration-ms="328" status="PASS">
          <reporter-output>
          </reporter-output>
        </test-method> <!-- afterMethod -->
        <test-method is-config="true" signature="beforeMethod(java.lang.String)[pri:0, instance:testclasses.LoginPageTest@4bc222e]" started-at="2025-07-17T12:31:37 IST" name="beforeMethod" finished-at="2025-07-17T12:31:41 IST" duration-ms="3991" status="PASS">
          <params>
            <param index="0">
              <value>
                <![CDATA[chrome]]>
              </value>
            </param>
          </params>
          <reporter-output>
          </reporter-output>
        </test-method> <!-- beforeMethod -->
        <test-method signature="verifyTitleofthePage()[pri:1, instance:testclasses.LoginPageTest@4bc222e]" started-at="2025-07-17T12:31:41 IST" name="verifyTitleofthePage" finished-at="2025-07-17T12:31:42 IST" duration-ms="1111" status="PASS">
          <reporter-output>
          </reporter-output>
        </test-method> <!-- verifyTitleofthePage -->
        <test-method is-config="true" signature="afterMethod()[pri:0, instance:testclasses.LoginPageTest@4bc222e]" started-at="2025-07-17T12:31:42 IST" name="afterMethod" finished-at="2025-07-17T12:31:43 IST" duration-ms="308" status="PASS">
          <reporter-output>
          </reporter-output>
        </test-method> <!-- afterMethod -->
        <test-method is-config="true" signature="beforeMethod(java.lang.String)[pri:0, instance:testclasses.LoginPageTest@4bc222e]" started-at="2025-07-17T12:31:43 IST" name="beforeMethod" finished-at="2025-07-17T12:31:47 IST" duration-ms="3940" status="PASS">
          <params>
            <param index="0">
              <value>
                <![CDATA[chrome]]>
              </value>
            </param>
          </params>
          <reporter-output>
          </reporter-output>
        </test-method> <!-- beforeMethod -->
        <test-method signature="verifyIstheremembermecheckboxenaled()[pri:2, instance:testclasses.LoginPageTest@4bc222e]" started-at="2025-07-17T12:31:47 IST" name="verifyIstheremembermecheckboxenaled" finished-at="2025-07-17T12:31:47 IST" duration-ms="61" status="PASS">
          <reporter-output>
          </reporter-output>
        </test-method> <!-- verifyIstheremembermecheckboxenaled -->
        <test-method is-config="true" signature="afterMethod()[pri:0, instance:testclasses.LoginPageTest@4bc222e]" started-at="2025-07-17T12:31:47 IST" name="afterMethod" finished-at="2025-07-17T12:31:47 IST" duration-ms="338" status="PASS">
          <reporter-output>
          </reporter-output>
        </test-method> <!-- afterMethod -->
        <test-method is-config="true" signature="beforeMethod(java.lang.String)[pri:0, instance:testclasses.LoginPageTest@4bc222e]" started-at="2025-07-17T12:31:47 IST" name="beforeMethod" finished-at="2025-07-17T12:31:51 IST" duration-ms="3958" status="PASS">
          <params>
            <param index="0">
              <value>
                <![CDATA[chrome]]>
              </value>
            </param>
          </params>
          <reporter-output>
          </reporter-output>
        </test-method> <!-- beforeMethod -->
        <test-method signature="verifySuccessfulLogin()[pri:3, instance:testclasses.LoginPageTest@4bc222e]" started-at="2025-07-17T12:31:51 IST" name="verifySuccessfulLogin" finished-at="2025-07-17T12:31:55 IST" duration-ms="3954" status="PASS">
          <reporter-output>
          </reporter-output>
        </test-method> <!-- verifySuccessfulLogin -->
        <test-method is-config="true" signature="afterMethod()[pri:0, instance:testclasses.LoginPageTest@4bc222e]" started-at="2025-07-17T12:31:55 IST" name="afterMethod" finished-at="2025-07-17T12:31:55 IST" duration-ms="426" status="PASS">
          <reporter-output>
          </reporter-output>
        </test-method> <!-- afterMethod -->
        <test-method is-config="true" signature="beforeMethod(java.lang.String)[pri:0, instance:testclasses.LoginPageTest@4bc222e]" started-at="2025-07-17T12:31:55 IST" name="beforeMethod" finished-at="2025-07-17T12:31:59 IST" duration-ms="3959" status="PASS">
          <params>
            <param index="0">
              <value>
                <![CDATA[chrome]]>
              </value>
            </param>
          </params>
          <reporter-output>
          </reporter-output>
        </test-method> <!-- beforeMethod -->
        <test-method signature="verifyUnsuccessfulLogin(java.lang.String,java.lang.String)[pri:4, instance:testclasses.LoginPageTest@4bc222e]" started-at="2025-07-17T12:31:59 IST" name="verifyUnsuccessfulLogin" data-provider="unsuccessfulLogin" finished-at="2025-07-17T12:32:01 IST" duration-ms="1268" status="PASS">
          <params>
            <param index="0">
              <value>
                <![CDATA[admin]]>
              </value>
            </param>
            <param index="1">
              <value>
                <![CDATA[123]]>
              </value>
            </param>
          </params>
          <reporter-output>
          </reporter-output>
        </test-method> <!-- verifyUnsuccessfulLogin -->
        <test-method is-config="true" signature="afterMethod()[pri:0, instance:testclasses.LoginPageTest@4bc222e]" started-at="2025-07-17T12:32:01 IST" name="afterMethod" finished-at="2025-07-17T12:32:01 IST" duration-ms="308" status="PASS">
          <reporter-output>
          </reporter-output>
        </test-method> <!-- afterMethod -->
        <test-method is-config="true" signature="beforeMethod(java.lang.String)[pri:0, instance:testclasses.LoginPageTest@4bc222e]" started-at="2025-07-17T12:32:01 IST" name="beforeMethod" finished-at="2025-07-17T12:32:05 IST" duration-ms="3777" status="PASS">
          <params>
            <param index="0">
              <value>
                <![CDATA[chrome]]>
              </value>
            </param>
          </params>
          <reporter-output>
          </reporter-output>
        </test-method> <!-- beforeMethod -->
        <test-method signature="verifyUnsuccessfulLogin(java.lang.String,java.lang.String)[pri:4, instance:testclasses.LoginPageTest@4bc222e]" started-at="2025-07-17T12:32:05 IST" name="verifyUnsuccessfulLogin" data-provider="unsuccessfulLogin" finished-at="2025-07-17T12:32:06 IST" duration-ms="1470" status="PASS">
          <params>
            <param index="0">
              <value>
                <![CDATA[admi]]>
              </value>
            </param>
            <param index="1">
              <value>
                <![CDATA[123456]]>
              </value>
            </param>
          </params>
          <reporter-output>
          </reporter-output>
        </test-method> <!-- verifyUnsuccessfulLogin -->
        <test-method is-config="true" signature="afterMethod()[pri:0, instance:testclasses.LoginPageTest@4bc222e]" started-at="2025-07-17T12:32:06 IST" name="afterMethod" finished-at="2025-07-17T12:32:07 IST" duration-ms="333" status="PASS">
          <reporter-output>
          </reporter-output>
        </test-method> <!-- afterMethod -->
        <test-method is-config="true" signature="beforeMethod(java.lang.String)[pri:0, instance:testclasses.LoginPageTest@4bc222e]" started-at="2025-07-17T12:32:07 IST" name="beforeMethod" finished-at="2025-07-17T12:32:11 IST" duration-ms="4343" status="PASS">
          <params>
            <param index="0">
              <value>
                <![CDATA[chrome]]>
              </value>
            </param>
          </params>
          <reporter-output>
          </reporter-output>
        </test-method> <!-- beforeMethod -->
        <test-method signature="verifyUnsuccessfulLogin(java.lang.String,java.lang.String)[pri:4, instance:testclasses.LoginPageTest@4bc222e]" started-at="2025-07-17T12:32:11 IST" name="verifyUnsuccessfulLogin" data-provider="unsuccessfulLogin" finished-at="2025-07-17T12:32:12 IST" duration-ms="1231" status="PASS">
          <params>
            <param index="0">
              <value>
                <![CDATA[admin]]>
              </value>
            </param>
            <param index="1">
              <value>
                <![CDATA[admin]]>
              </value>
            </param>
          </params>
          <reporter-output>
          </reporter-output>
        </test-method> <!-- verifyUnsuccessfulLogin -->
        <test-method is-config="true" signature="afterMethod()[pri:0, instance:testclasses.LoginPageTest@4bc222e]" started-at="2025-07-17T12:32:12 IST" name="afterMethod" finished-at="2025-07-17T12:32:13 IST" duration-ms="345" status="PASS">
          <reporter-output>
          </reporter-output>
        </test-method> <!-- afterMethod -->
      </class> <!-- testclasses.LoginPageTest -->
      <class name="testclasses.UserManagementTest">
        <test-method is-config="true" signature="beforeMethod(java.lang.String)[pri:0, instance:testclasses.UserManagementTest@26adfd2d]" started-at="2025-07-17T12:33:26 IST" name="beforeMethod" finished-at="2025-07-17T12:33:30 IST" duration-ms="3752" status="PASS">
          <params>
            <param index="0">
              <value>
                <![CDATA[chrome]]>
              </value>
            </param>
          </params>
          <reporter-output>
          </reporter-output>
        </test-method> <!-- beforeMethod -->
        <test-method signature="verifyForAdduserstext()[pri:0, instance:testclasses.UserManagementTest@26adfd2d]" started-at="2025-07-17T12:33:30 IST" name="verifyForAdduserstext" finished-at="2025-07-17T12:33:39 IST" duration-ms="8950" status="PASS">
          <reporter-output>
          </reporter-output>
        </test-method> <!-- verifyForAdduserstext -->
        <test-method is-config="true" signature="afterMethod()[pri:0, instance:testclasses.UserManagementTest@26adfd2d]" started-at="2025-07-17T12:33:39 IST" name="afterMethod" finished-at="2025-07-17T12:33:39 IST" duration-ms="377" status="PASS">
          <reporter-output>
          </reporter-output>
        </test-method> <!-- afterMethod -->
        <test-method is-config="true" signature="beforeMethod(java.lang.String)[pri:0, instance:testclasses.UserManagementTest@26adfd2d]" started-at="2025-07-17T12:33:39 IST" name="beforeMethod" finished-at="2025-07-17T12:33:43 IST" duration-ms="4102" status="PASS">
          <params>
            <param index="0">
              <value>
                <![CDATA[chrome]]>
              </value>
            </param>
          </params>
          <reporter-output>
          </reporter-output>
        </test-method> <!-- beforeMethod -->
        <test-method signature="verifynewuserCreated()[pri:1, instance:testclasses.UserManagementTest@26adfd2d]" started-at="2025-07-17T12:33:43 IST" name="verifynewuserCreated" finished-at="2025-07-17T12:33:57 IST" duration-ms="14040" status="PASS">
          <reporter-output>
          </reporter-output>
        </test-method> <!-- verifynewuserCreated -->
        <test-method is-config="true" signature="afterMethod()[pri:0, instance:testclasses.UserManagementTest@26adfd2d]" started-at="2025-07-17T12:33:57 IST" name="afterMethod" finished-at="2025-07-17T12:33:58 IST" duration-ms="370" status="PASS">
          <reporter-output>
          </reporter-output>
        </test-method> <!-- afterMethod -->
      </class> <!-- testclasses.UserManagementTest -->
    </test> <!-- Test -->
  </suite> <!-- TestSuite -->
</testng-results>
