<?xml version="1.0" encoding="UTF-8"?>
<testng-results ignored="0" total="14" passed="14" failed="0" skipped="0">
  <reporter-output>
  </reporter-output>
  <suite started-at="2025-07-14T02:39:22 IST" name="TestSuite" finished-at="2025-07-14T02:41:57 IST" duration-ms="155442">
    <groups>
    </groups>
    <test started-at="2025-07-14T02:39:22 IST" name="Test" finished-at="2025-07-14T02:41:57 IST" duration-ms="155442">
      <class name="testclasses.ContactsTest">
        <test-method is-config="true" signature="beforeMethod()[pri:0, instance:testclasses.ContactsTest@79079097]" started-at="2025-07-14T02:40:10 IST" name="beforeMethod" finished-at="2025-07-14T02:40:14 IST" duration-ms="3969" status="PASS">
          <reporter-output>
          </reporter-output>
        </test-method> <!-- beforeMethod -->
        <test-method signature="verifyReachedSupplierPage()[pri:0, instance:testclasses.ContactsTest@79079097]" started-at="2025-07-14T02:40:14 IST" name="verifyReachedSupplierPage" finished-at="2025-07-14T02:40:23 IST" duration-ms="8957" status="PASS">
          <reporter-output>
          </reporter-output>
        </test-method> <!-- verifyReachedSupplierPage -->
        <test-method is-config="true" signature="afterMethod()[pri:0, instance:testclasses.ContactsTest@79079097]" started-at="2025-07-14T02:40:23 IST" name="afterMethod" finished-at="2025-07-14T02:40:23 IST" duration-ms="301" status="PASS">
          <reporter-output>
          </reporter-output>
        </test-method> <!-- afterMethod -->
        <test-method is-config="true" signature="beforeMethod()[pri:0, instance:testclasses.ContactsTest@79079097]" started-at="2025-07-14T02:40:23 IST" name="beforeMethod" finished-at="2025-07-14T02:40:29 IST" duration-ms="6082" status="PASS">
          <reporter-output>
          </reporter-output>
        </test-method> <!-- beforeMethod -->
        <test-method signature="verifytogetRowCount()[pri:1, instance:testclasses.ContactsTest@79079097]" started-at="2025-07-14T02:40:29 IST" name="verifytogetRowCount" finished-at="2025-07-14T02:40:41 IST" duration-ms="11569" status="PASS">
          <reporter-output>
          </reporter-output>
        </test-method> <!-- verifytogetRowCount -->
        <test-method is-config="true" signature="afterMethod()[pri:0, instance:testclasses.ContactsTest@79079097]" started-at="2025-07-14T02:40:41 IST" name="afterMethod" finished-at="2025-07-14T02:40:41 IST" duration-ms="288" status="PASS">
          <reporter-output>
          </reporter-output>
        </test-method> <!-- afterMethod -->
        <test-method is-config="true" signature="beforeMethod()[pri:0, instance:testclasses.ContactsTest@79079097]" started-at="2025-07-14T02:40:41 IST" name="beforeMethod" finished-at="2025-07-14T02:40:45 IST" duration-ms="4170" status="PASS">
          <reporter-output>
          </reporter-output>
        </test-method> <!-- beforeMethod -->
        <test-method signature="verifyFileUploadedfailedmsg()[pri:2, instance:testclasses.ContactsTest@79079097]" started-at="2025-07-14T02:40:45 IST" name="verifyFileUploadedfailedmsg" finished-at="2025-07-14T02:41:00 IST" duration-ms="14821" status="PASS">
          <reporter-output>
          </reporter-output>
        </test-method> <!-- verifyFileUploadedfailedmsg -->
        <test-method is-config="true" signature="afterMethod()[pri:0, instance:testclasses.ContactsTest@79079097]" started-at="2025-07-14T02:41:00 IST" name="afterMethod" finished-at="2025-07-14T02:41:00 IST" duration-ms="269" status="PASS">
          <reporter-output>
          </reporter-output>
        </test-method> <!-- afterMethod -->
      </class> <!-- testclasses.ContactsTest -->
      <class name="testclasses.HomePageTest">
        <test-method is-config="true" signature="beforeMethod()[pri:0, instance:testclasses.HomePageTest@4d1c00d0]" started-at="2025-07-14T02:41:00 IST" name="beforeMethod" finished-at="2025-07-14T02:41:05 IST" duration-ms="4688" status="PASS">
          <reporter-output>
          </reporter-output>
        </test-method> <!-- beforeMethod -->
        <test-method signature="verifyReachedUserManagementPage()[pri:0, instance:testclasses.HomePageTest@4d1c00d0]" started-at="2025-07-14T02:41:05 IST" name="verifyReachedUserManagementPage" finished-at="2025-07-14T02:41:13 IST" duration-ms="7689" status="PASS">
          <reporter-output>
          </reporter-output>
        </test-method> <!-- verifyReachedUserManagementPage -->
        <test-method is-config="true" signature="afterMethod()[pri:0, instance:testclasses.HomePageTest@4d1c00d0]" started-at="2025-07-14T02:41:13 IST" name="afterMethod" finished-at="2025-07-14T02:41:13 IST" duration-ms="299" status="PASS">
          <reporter-output>
          </reporter-output>
        </test-method> <!-- afterMethod -->
        <test-method is-config="true" signature="beforeMethod()[pri:0, instance:testclasses.HomePageTest@4d1c00d0]" started-at="2025-07-14T02:41:13 IST" name="beforeMethod" finished-at="2025-07-14T02:41:17 IST" duration-ms="3831" status="PASS">
          <reporter-output>
          </reporter-output>
        </test-method> <!-- beforeMethod -->
        <test-method signature="calculatorname()[pri:1, instance:testclasses.HomePageTest@4d1c00d0]" started-at="2025-07-14T02:41:17 IST" name="calculatorname" finished-at="2025-07-14T02:41:24 IST" duration-ms="6877" status="PASS">
          <reporter-output>
          </reporter-output>
        </test-method> <!-- calculatorname -->
        <test-method is-config="true" signature="afterMethod()[pri:0, instance:testclasses.HomePageTest@4d1c00d0]" started-at="2025-07-14T02:41:24 IST" name="afterMethod" finished-at="2025-07-14T02:41:24 IST" duration-ms="319" status="PASS">
          <reporter-output>
          </reporter-output>
        </test-method> <!-- afterMethod -->
      </class> <!-- testclasses.HomePageTest -->
      <class name="testclasses.LoginPageTest">
        <test-method is-config="true" signature="beforeMethod()[pri:0, instance:testclasses.LoginPageTest@c730b35]" started-at="2025-07-14T02:39:22 IST" name="beforeMethod" finished-at="2025-07-14T02:39:31 IST" duration-ms="9593" status="PASS">
          <reporter-output>
          </reporter-output>
        </test-method> <!-- beforeMethod -->
        <test-method signature="verifyIstheremembermecheckboxenaled()[pri:0, instance:testclasses.LoginPageTest@c730b35]" started-at="2025-07-14T02:39:31 IST" name="verifyIstheremembermecheckboxenaled" finished-at="2025-07-14T02:39:31 IST" duration-ms="99" status="PASS">
          <reporter-output>
          </reporter-output>
        </test-method> <!-- verifyIstheremembermecheckboxenaled -->
        <test-method is-config="true" signature="afterMethod()[pri:0, instance:testclasses.LoginPageTest@c730b35]" started-at="2025-07-14T02:39:31 IST" name="afterMethod" finished-at="2025-07-14T02:39:32 IST" duration-ms="299" status="PASS">
          <reporter-output>
          </reporter-output>
        </test-method> <!-- afterMethod -->
        <test-method is-config="true" signature="beforeMethod()[pri:0, instance:testclasses.LoginPageTest@c730b35]" started-at="2025-07-14T02:39:32 IST" name="beforeMethod" finished-at="2025-07-14T02:39:36 IST" duration-ms="4092" status="PASS">
          <reporter-output>
          </reporter-output>
        </test-method> <!-- beforeMethod -->
        <test-method signature="verifyLogoDisplayed()[pri:0, instance:testclasses.LoginPageTest@c730b35]" started-at="2025-07-14T02:39:36 IST" name="verifyLogoDisplayed" finished-at="2025-07-14T02:39:36 IST" duration-ms="82" status="PASS">
          <reporter-output>
          </reporter-output>
        </test-method> <!-- verifyLogoDisplayed -->
        <test-method is-config="true" signature="afterMethod()[pri:0, instance:testclasses.LoginPageTest@c730b35]" started-at="2025-07-14T02:39:36 IST" name="afterMethod" finished-at="2025-07-14T02:39:36 IST" duration-ms="443" status="PASS">
          <reporter-output>
          </reporter-output>
        </test-method> <!-- afterMethod -->
        <test-method is-config="true" signature="beforeMethod()[pri:0, instance:testclasses.LoginPageTest@c730b35]" started-at="2025-07-14T02:39:36 IST" name="beforeMethod" finished-at="2025-07-14T02:39:40 IST" duration-ms="4013" status="PASS">
          <reporter-output>
          </reporter-output>
        </test-method> <!-- beforeMethod -->
        <test-method signature="verifyTitleofthePage()[pri:0, instance:testclasses.LoginPageTest@c730b35]" started-at="2025-07-14T02:39:40 IST" name="verifyTitleofthePage" finished-at="2025-07-14T02:39:42 IST" duration-ms="1304" status="PASS">
          <reporter-output>
          </reporter-output>
        </test-method> <!-- verifyTitleofthePage -->
        <test-method is-config="true" signature="afterMethod()[pri:0, instance:testclasses.LoginPageTest@c730b35]" started-at="2025-07-14T02:39:42 IST" name="afterMethod" finished-at="2025-07-14T02:39:42 IST" duration-ms="343" status="PASS">
          <reporter-output>
          </reporter-output>
        </test-method> <!-- afterMethod -->
        <test-method is-config="true" signature="beforeMethod()[pri:0, instance:testclasses.LoginPageTest@c730b35]" started-at="2025-07-14T02:39:42 IST" name="beforeMethod" finished-at="2025-07-14T02:39:46 IST" duration-ms="4372" status="PASS">
          <reporter-output>
          </reporter-output>
        </test-method> <!-- beforeMethod -->
        <test-method signature="verifySuccessfulLogin()[pri:1, instance:testclasses.LoginPageTest@c730b35]" started-at="2025-07-14T02:39:46 IST" name="verifySuccessfulLogin" finished-at="2025-07-14T02:39:50 IST" duration-ms="3963" status="PASS">
          <reporter-output>
          </reporter-output>
        </test-method> <!-- verifySuccessfulLogin -->
        <test-method is-config="true" signature="afterMethod()[pri:0, instance:testclasses.LoginPageTest@c730b35]" started-at="2025-07-14T02:39:50 IST" name="afterMethod" finished-at="2025-07-14T02:39:51 IST" duration-ms="295" status="PASS">
          <reporter-output>
          </reporter-output>
        </test-method> <!-- afterMethod -->
        <test-method is-config="true" signature="beforeMethod()[pri:0, instance:testclasses.LoginPageTest@c730b35]" started-at="2025-07-14T02:39:51 IST" name="beforeMethod" finished-at="2025-07-14T02:39:55 IST" duration-ms="3877" status="PASS">
          <reporter-output>
          </reporter-output>
        </test-method> <!-- beforeMethod -->
        <test-method signature="verifyUnsuccessfulLogin(java.lang.String,java.lang.String)[pri:2, instance:testclasses.LoginPageTest@c730b35]" started-at="2025-07-14T02:39:55 IST" name="verifyUnsuccessfulLogin" data-provider="unsuccessfulLogin" finished-at="2025-07-14T02:39:56 IST" duration-ms="1238" status="PASS">
          <params>
            <param index="0">
              <value>
                <![CDATA[admin]]>
              </value>
            </param>
            <param index="1">
              <value>
                <![CDATA[123]]>
              </value>
            </param>
          </params>
          <reporter-output>
          </reporter-output>
        </test-method> <!-- verifyUnsuccessfulLogin -->
        <test-method is-config="true" signature="afterMethod()[pri:0, instance:testclasses.LoginPageTest@c730b35]" started-at="2025-07-14T02:39:56 IST" name="afterMethod" finished-at="2025-07-14T02:39:56 IST" duration-ms="299" status="PASS">
          <reporter-output>
          </reporter-output>
        </test-method> <!-- afterMethod -->
        <test-method is-config="true" signature="beforeMethod()[pri:0, instance:testclasses.LoginPageTest@c730b35]" started-at="2025-07-14T02:39:56 IST" name="beforeMethod" finished-at="2025-07-14T02:40:01 IST" duration-ms="4986" status="PASS">
          <reporter-output>
          </reporter-output>
        </test-method> <!-- beforeMethod -->
        <test-method signature="verifyUnsuccessfulLogin(java.lang.String,java.lang.String)[pri:2, instance:testclasses.LoginPageTest@c730b35]" started-at="2025-07-14T02:40:01 IST" name="verifyUnsuccessfulLogin" data-provider="unsuccessfulLogin" finished-at="2025-07-14T02:40:03 IST" duration-ms="1563" status="PASS">
          <params>
            <param index="0">
              <value>
                <![CDATA[admi]]>
              </value>
            </param>
            <param index="1">
              <value>
                <![CDATA[123456]]>
              </value>
            </param>
          </params>
          <reporter-output>
          </reporter-output>
        </test-method> <!-- verifyUnsuccessfulLogin -->
        <test-method is-config="true" signature="afterMethod()[pri:0, instance:testclasses.LoginPageTest@c730b35]" started-at="2025-07-14T02:40:03 IST" name="afterMethod" finished-at="2025-07-14T02:40:03 IST" duration-ms="302" status="PASS">
          <reporter-output>
          </reporter-output>
        </test-method> <!-- afterMethod -->
        <test-method is-config="true" signature="beforeMethod()[pri:0, instance:testclasses.LoginPageTest@c730b35]" started-at="2025-07-14T02:40:03 IST" name="beforeMethod" finished-at="2025-07-14T02:40:08 IST" duration-ms="5034" status="PASS">
          <reporter-output>
          </reporter-output>
        </test-method> <!-- beforeMethod -->
        <test-method signature="verifyUnsuccessfulLogin(java.lang.String,java.lang.String)[pri:2, instance:testclasses.LoginPageTest@c730b35]" started-at="2025-07-14T02:40:08 IST" name="verifyUnsuccessfulLogin" data-provider="unsuccessfulLogin" finished-at="2025-07-14T02:40:10 IST" duration-ms="1479" status="PASS">
          <params>
            <param index="0">
              <value>
                <![CDATA[admin]]>
              </value>
            </param>
            <param index="1">
              <value>
                <![CDATA[admin]]>
              </value>
            </param>
          </params>
          <reporter-output>
          </reporter-output>
        </test-method> <!-- verifyUnsuccessfulLogin -->
        <test-method is-config="true" signature="afterMethod()[pri:0, instance:testclasses.LoginPageTest@c730b35]" started-at="2025-07-14T02:40:10 IST" name="afterMethod" finished-at="2025-07-14T02:40:10 IST" duration-ms="308" status="PASS">
          <reporter-output>
          </reporter-output>
        </test-method> <!-- afterMethod -->
      </class> <!-- testclasses.LoginPageTest -->
      <class name="testclasses.UserManagementTest">
        <test-method is-config="true" signature="beforeMethod()[pri:0, instance:testclasses.UserManagementTest@4b2bac3f]" started-at="2025-07-14T02:41:24 IST" name="beforeMethod" finished-at="2025-07-14T02:41:29 IST" duration-ms="5071" status="PASS">
          <reporter-output>
          </reporter-output>
        </test-method> <!-- beforeMethod -->
        <test-method signature="verifyForAdduserstext()[pri:0, instance:testclasses.UserManagementTest@4b2bac3f]" started-at="2025-07-14T02:41:29 IST" name="verifyForAdduserstext" finished-at="2025-07-14T02:41:38 IST" duration-ms="8694" status="PASS">
          <reporter-output>
          </reporter-output>
        </test-method> <!-- verifyForAdduserstext -->
        <test-method is-config="true" signature="afterMethod()[pri:0, instance:testclasses.UserManagementTest@4b2bac3f]" started-at="2025-07-14T02:41:38 IST" name="afterMethod" finished-at="2025-07-14T02:41:38 IST" duration-ms="447" status="PASS">
          <reporter-output>
          </reporter-output>
        </test-method> <!-- afterMethod -->
        <test-method is-config="true" signature="beforeMethod()[pri:0, instance:testclasses.UserManagementTest@4b2bac3f]" started-at="2025-07-14T02:41:38 IST" name="beforeMethod" finished-at="2025-07-14T02:41:42 IST" duration-ms="3969" status="PASS">
          <reporter-output>
          </reporter-output>
        </test-method> <!-- beforeMethod -->
        <test-method signature="verifynewuserCreated()[pri:1, instance:testclasses.UserManagementTest@4b2bac3f]" started-at="2025-07-14T02:41:42 IST" name="verifynewuserCreated" finished-at="2025-07-14T02:41:57 IST" duration-ms="14386" status="PASS">
          <reporter-output>
          </reporter-output>
        </test-method> <!-- verifynewuserCreated -->
        <test-method is-config="true" signature="afterMethod()[pri:0, instance:testclasses.UserManagementTest@4b2bac3f]" started-at="2025-07-14T02:41:57 IST" name="afterMethod" finished-at="2025-07-14T02:41:57 IST" duration-ms="288" status="PASS">
          <reporter-output>
          </reporter-output>
        </test-method> <!-- afterMethod -->
      </class> <!-- testclasses.UserManagementTest -->
    </test> <!-- Test -->
  </suite> <!-- TestSuite -->
</testng-results>
