<?xml version="1.0" encoding="UTF-8"?>
<testng-results ignored="0" total="14" passed="14" failed="0" skipped="0">
  <reporter-output>
  </reporter-output>
  <suite started-at="2025-07-19T13:58:42 IST" name="TestSuite" finished-at="2025-07-19T14:01:19 IST" duration-ms="157919">
    <groups>
      <group name="Group1">
        <method signature="LoginPageTest.verifyUnsuccessfulLogin(java.lang.String,java.lang.String)[pri:4, instance:testclasses.LoginPageTest@7bbc8656]" name="verifyUnsuccessfulLogin" class="testclasses.LoginPageTest"/>
      </group> <!-- Group1 -->
      <group name="Group2">
        <method signature="LoginPageTest.verifyTitleofthePage()[pri:1, instance:testclasses.LoginPageTest@7bbc8656]" name="verifyTitleofthePage" class="testclasses.LoginPageTest"/>
      </group> <!-- Group2 -->
      <group name="Groups1">
        <method signature="HomePageTest.calculatorname()[pri:1, instance:testclasses.HomePageTest@24c1b2d2]" name="calculatorname" class="testclasses.HomePageTest"/>
        <method signature="LoginPageTest.verifyIstheremembermecheckboxenaled()[pri:2, instance:testclasses.LoginPageTest@7bbc8656]" name="verifyIstheremembermecheckboxenaled" class="testclasses.LoginPageTest"/>
        <method signature="LoginPageTest.verifySuccessfulLogin()[pri:3, instance:testclasses.LoginPageTest@7bbc8656]" name="verifySuccessfulLogin" class="testclasses.LoginPageTest"/>
      </group> <!-- Groups1 -->
    </groups>
    <test started-at="2025-07-19T13:58:42 IST" name="Test" finished-at="2025-07-19T14:01:19 IST" duration-ms="157919">
      <class name="testclasses.ContactsTest">
        <test-method is-config="true" signature="beforeMethod(java.lang.String)[pri:0, instance:testclasses.ContactsTest@3e0e1046]" started-at="2025-07-19T13:59:29 IST" name="beforeMethod" finished-at="2025-07-19T13:59:34 IST" duration-ms="5672" status="PASS">
          <params>
            <param index="0">
              <value>
                <![CDATA[chrome]]>
              </value>
            </param>
          </params>
          <reporter-output>
          </reporter-output>
        </test-method> <!-- beforeMethod -->
        <test-method signature="verifyReachedSupplierPage()[pri:0, instance:testclasses.ContactsTest@3e0e1046]" started-at="2025-07-19T13:59:34 IST" name="verifyReachedSupplierPage" finished-at="2025-07-19T13:59:43 IST" duration-ms="9204" status="PASS">
          <reporter-output>
          </reporter-output>
        </test-method> <!-- verifyReachedSupplierPage -->
        <test-method is-config="true" signature="afterMethod()[pri:0, instance:testclasses.ContactsTest@3e0e1046]" started-at="2025-07-19T13:59:43 IST" name="afterMethod" finished-at="2025-07-19T13:59:44 IST" duration-ms="392" status="PASS">
          <reporter-output>
          </reporter-output>
        </test-method> <!-- afterMethod -->
        <test-method is-config="true" signature="beforeMethod(java.lang.String)[pri:0, instance:testclasses.ContactsTest@3e0e1046]" started-at="2025-07-19T13:59:44 IST" name="beforeMethod" finished-at="2025-07-19T13:59:50 IST" duration-ms="5750" status="PASS">
          <params>
            <param index="0">
              <value>
                <![CDATA[chrome]]>
              </value>
            </param>
          </params>
          <reporter-output>
          </reporter-output>
        </test-method> <!-- beforeMethod -->
        <test-method signature="verifytogetRowCount()[pri:1, instance:testclasses.ContactsTest@3e0e1046]" started-at="2025-07-19T13:59:50 IST" name="verifytogetRowCount" finished-at="2025-07-19T14:00:01 IST" duration-ms="11084" status="PASS">
          <reporter-output>
          </reporter-output>
        </test-method> <!-- verifytogetRowCount -->
        <test-method is-config="true" signature="afterMethod()[pri:0, instance:testclasses.ContactsTest@3e0e1046]" started-at="2025-07-19T14:00:01 IST" name="afterMethod" finished-at="2025-07-19T14:00:01 IST" duration-ms="370" status="PASS">
          <reporter-output>
          </reporter-output>
        </test-method> <!-- afterMethod -->
        <test-method is-config="true" signature="beforeMethod(java.lang.String)[pri:0, instance:testclasses.ContactsTest@3e0e1046]" started-at="2025-07-19T14:00:01 IST" name="beforeMethod" finished-at="2025-07-19T14:00:05 IST" duration-ms="3848" status="PASS">
          <params>
            <param index="0">
              <value>
                <![CDATA[chrome]]>
              </value>
            </param>
          </params>
          <reporter-output>
          </reporter-output>
        </test-method> <!-- beforeMethod -->
        <test-method signature="verifyFileUploadedfailedmsg()[pri:2, instance:testclasses.ContactsTest@3e0e1046]" started-at="2025-07-19T14:00:05 IST" name="verifyFileUploadedfailedmsg" finished-at="2025-07-19T14:00:21 IST" duration-ms="16426" status="PASS">
          <reporter-output>
          </reporter-output>
        </test-method> <!-- verifyFileUploadedfailedmsg -->
        <test-method is-config="true" signature="afterMethod()[pri:0, instance:testclasses.ContactsTest@3e0e1046]" started-at="2025-07-19T14:00:21 IST" name="afterMethod" finished-at="2025-07-19T14:00:22 IST" duration-ms="376" status="PASS">
          <reporter-output>
          </reporter-output>
        </test-method> <!-- afterMethod -->
      </class> <!-- testclasses.ContactsTest -->
      <class name="testclasses.HomePageTest">
        <test-method is-config="true" signature="beforeMethod(java.lang.String)[pri:0, instance:testclasses.HomePageTest@24c1b2d2]" started-at="2025-07-19T14:00:22 IST" name="beforeMethod" finished-at="2025-07-19T14:00:27 IST" duration-ms="4844" status="PASS">
          <params>
            <param index="0">
              <value>
                <![CDATA[chrome]]>
              </value>
            </param>
          </params>
          <reporter-output>
          </reporter-output>
        </test-method> <!-- beforeMethod -->
        <test-method signature="verifyReachedUserManagementPage()[pri:0, instance:testclasses.HomePageTest@24c1b2d2]" started-at="2025-07-19T14:00:27 IST" name="verifyReachedUserManagementPage" finished-at="2025-07-19T14:00:34 IST" duration-ms="7558" status="PASS">
          <reporter-output>
          </reporter-output>
        </test-method> <!-- verifyReachedUserManagementPage -->
        <test-method is-config="true" signature="afterMethod()[pri:0, instance:testclasses.HomePageTest@24c1b2d2]" started-at="2025-07-19T14:00:34 IST" name="afterMethod" finished-at="2025-07-19T14:00:35 IST" duration-ms="372" status="PASS">
          <reporter-output>
          </reporter-output>
        </test-method> <!-- afterMethod -->
        <test-method is-config="true" signature="beforeMethod(java.lang.String)[pri:0, instance:testclasses.HomePageTest@24c1b2d2]" started-at="2025-07-19T14:00:35 IST" name="beforeMethod" finished-at="2025-07-19T14:00:40 IST" duration-ms="5146" status="PASS">
          <params>
            <param index="0">
              <value>
                <![CDATA[chrome]]>
              </value>
            </param>
          </params>
          <reporter-output>
          </reporter-output>
        </test-method> <!-- beforeMethod -->
        <test-method signature="calculatorname()[pri:1, instance:testclasses.HomePageTest@24c1b2d2]" started-at="2025-07-19T14:00:40 IST" name="calculatorname" finished-at="2025-07-19T14:00:48 IST" duration-ms="7866" status="PASS">
          <reporter-output>
          </reporter-output>
        </test-method> <!-- calculatorname -->
        <test-method is-config="true" signature="afterMethod()[pri:0, instance:testclasses.HomePageTest@24c1b2d2]" started-at="2025-07-19T14:00:48 IST" name="afterMethod" finished-at="2025-07-19T14:00:48 IST" duration-ms="382" status="PASS">
          <reporter-output>
          </reporter-output>
        </test-method> <!-- afterMethod -->
      </class> <!-- testclasses.HomePageTest -->
      <class name="testclasses.LoginPageTest">
        <test-method is-config="true" signature="createReport()[pri:0, instance:testclasses.LoginPageTest@7bbc8656]" started-at="2025-07-19T13:58:41 IST" name="createReport" finished-at="2025-07-19T13:58:42 IST" duration-ms="20" status="PASS">
          <reporter-output>
          </reporter-output>
        </test-method> <!-- createReport -->
        <test-method is-config="true" signature="beforeMethod(java.lang.String)[pri:0, instance:testclasses.LoginPageTest@7bbc8656]" started-at="2025-07-19T13:58:42 IST" name="beforeMethod" finished-at="2025-07-19T13:58:46 IST" duration-ms="4795" status="PASS">
          <params>
            <param index="0">
              <value>
                <![CDATA[chrome]]>
              </value>
            </param>
          </params>
          <reporter-output>
          </reporter-output>
        </test-method> <!-- beforeMethod -->
        <test-method signature="verifyLogoDisplayed()[pri:0, instance:testclasses.LoginPageTest@7bbc8656]" started-at="2025-07-19T13:58:46 IST" name="verifyLogoDisplayed" finished-at="2025-07-19T13:58:47 IST" duration-ms="111" status="PASS">
          <reporter-output>
          </reporter-output>
        </test-method> <!-- verifyLogoDisplayed -->
        <test-method is-config="true" signature="afterMethod()[pri:0, instance:testclasses.LoginPageTest@7bbc8656]" started-at="2025-07-19T13:58:47 IST" name="afterMethod" finished-at="2025-07-19T13:58:47 IST" duration-ms="397" status="PASS">
          <reporter-output>
          </reporter-output>
        </test-method> <!-- afterMethod -->
        <test-method is-config="true" signature="beforeMethod(java.lang.String)[pri:0, instance:testclasses.LoginPageTest@7bbc8656]" started-at="2025-07-19T13:58:47 IST" name="beforeMethod" finished-at="2025-07-19T13:58:51 IST" duration-ms="4002" status="PASS">
          <params>
            <param index="0">
              <value>
                <![CDATA[chrome]]>
              </value>
            </param>
          </params>
          <reporter-output>
          </reporter-output>
        </test-method> <!-- beforeMethod -->
        <test-method signature="verifyTitleofthePage()[pri:1, instance:testclasses.LoginPageTest@7bbc8656]" started-at="2025-07-19T13:58:51 IST" name="verifyTitleofthePage" finished-at="2025-07-19T13:58:52 IST" duration-ms="1132" status="PASS">
          <reporter-output>
          </reporter-output>
        </test-method> <!-- verifyTitleofthePage -->
        <test-method is-config="true" signature="afterMethod()[pri:0, instance:testclasses.LoginPageTest@7bbc8656]" started-at="2025-07-19T13:58:52 IST" name="afterMethod" finished-at="2025-07-19T13:58:52 IST" duration-ms="426" status="PASS">
          <reporter-output>
          </reporter-output>
        </test-method> <!-- afterMethod -->
        <test-method is-config="true" signature="beforeMethod(java.lang.String)[pri:0, instance:testclasses.LoginPageTest@7bbc8656]" started-at="2025-07-19T13:58:52 IST" name="beforeMethod" finished-at="2025-07-19T13:58:59 IST" duration-ms="6681" status="PASS">
          <params>
            <param index="0">
              <value>
                <![CDATA[chrome]]>
              </value>
            </param>
          </params>
          <reporter-output>
          </reporter-output>
        </test-method> <!-- beforeMethod -->
        <test-method signature="verifyIstheremembermecheckboxenaled()[pri:2, instance:testclasses.LoginPageTest@7bbc8656]" started-at="2025-07-19T13:58:59 IST" name="verifyIstheremembermecheckboxenaled" finished-at="2025-07-19T13:58:59 IST" duration-ms="67" status="PASS">
          <reporter-output>
          </reporter-output>
        </test-method> <!-- verifyIstheremembermecheckboxenaled -->
        <test-method is-config="true" signature="afterMethod()[pri:0, instance:testclasses.LoginPageTest@7bbc8656]" started-at="2025-07-19T13:58:59 IST" name="afterMethod" finished-at="2025-07-19T13:59:00 IST" duration-ms="385" status="PASS">
          <reporter-output>
          </reporter-output>
        </test-method> <!-- afterMethod -->
        <test-method is-config="true" signature="beforeMethod(java.lang.String)[pri:0, instance:testclasses.LoginPageTest@7bbc8656]" started-at="2025-07-19T13:59:00 IST" name="beforeMethod" finished-at="2025-07-19T13:59:04 IST" duration-ms="3935" status="PASS">
          <params>
            <param index="0">
              <value>
                <![CDATA[chrome]]>
              </value>
            </param>
          </params>
          <reporter-output>
          </reporter-output>
        </test-method> <!-- beforeMethod -->
        <test-method signature="verifySuccessfulLogin()[pri:3, instance:testclasses.LoginPageTest@7bbc8656]" started-at="2025-07-19T13:59:04 IST" name="verifySuccessfulLogin" finished-at="2025-07-19T13:59:08 IST" duration-ms="4016" status="PASS">
          <reporter-output>
          </reporter-output>
        </test-method> <!-- verifySuccessfulLogin -->
        <test-method is-config="true" signature="afterMethod()[pri:0, instance:testclasses.LoginPageTest@7bbc8656]" started-at="2025-07-19T13:59:08 IST" name="afterMethod" finished-at="2025-07-19T13:59:08 IST" duration-ms="463" status="PASS">
          <reporter-output>
          </reporter-output>
        </test-method> <!-- afterMethod -->
        <test-method is-config="true" signature="beforeMethod(java.lang.String)[pri:0, instance:testclasses.LoginPageTest@7bbc8656]" started-at="2025-07-19T13:59:08 IST" name="beforeMethod" finished-at="2025-07-19T13:59:12 IST" duration-ms="4051" status="PASS">
          <params>
            <param index="0">
              <value>
                <![CDATA[chrome]]>
              </value>
            </param>
          </params>
          <reporter-output>
          </reporter-output>
        </test-method> <!-- beforeMethod -->
        <test-method signature="verifyUnsuccessfulLogin(java.lang.String,java.lang.String)[pri:4, instance:testclasses.LoginPageTest@7bbc8656]" started-at="2025-07-19T13:59:12 IST" name="verifyUnsuccessfulLogin" data-provider="unsuccessfulLogin" finished-at="2025-07-19T13:59:14 IST" duration-ms="1420" status="PASS">
          <params>
            <param index="0">
              <value>
                <![CDATA[admin]]>
              </value>
            </param>
            <param index="1">
              <value>
                <![CDATA[123]]>
              </value>
            </param>
          </params>
          <reporter-output>
          </reporter-output>
        </test-method> <!-- verifyUnsuccessfulLogin -->
        <test-method is-config="true" signature="afterMethod()[pri:0, instance:testclasses.LoginPageTest@7bbc8656]" started-at="2025-07-19T13:59:14 IST" name="afterMethod" finished-at="2025-07-19T13:59:14 IST" duration-ms="370" status="PASS">
          <reporter-output>
          </reporter-output>
        </test-method> <!-- afterMethod -->
        <test-method is-config="true" signature="beforeMethod(java.lang.String)[pri:0, instance:testclasses.LoginPageTest@7bbc8656]" started-at="2025-07-19T13:59:14 IST" name="beforeMethod" finished-at="2025-07-19T13:59:19 IST" duration-ms="4597" status="PASS">
          <params>
            <param index="0">
              <value>
                <![CDATA[chrome]]>
              </value>
            </param>
          </params>
          <reporter-output>
          </reporter-output>
        </test-method> <!-- beforeMethod -->
        <test-method signature="verifyUnsuccessfulLogin(java.lang.String,java.lang.String)[pri:4, instance:testclasses.LoginPageTest@7bbc8656]" started-at="2025-07-19T13:59:19 IST" name="verifyUnsuccessfulLogin" data-provider="unsuccessfulLogin" finished-at="2025-07-19T13:59:20 IST" duration-ms="1273" status="PASS">
          <params>
            <param index="0">
              <value>
                <![CDATA[admi]]>
              </value>
            </param>
            <param index="1">
              <value>
                <![CDATA[123456]]>
              </value>
            </param>
          </params>
          <reporter-output>
          </reporter-output>
        </test-method> <!-- verifyUnsuccessfulLogin -->
        <test-method is-config="true" signature="afterMethod()[pri:0, instance:testclasses.LoginPageTest@7bbc8656]" started-at="2025-07-19T13:59:20 IST" name="afterMethod" finished-at="2025-07-19T13:59:20 IST" duration-ms="343" status="PASS">
          <reporter-output>
          </reporter-output>
        </test-method> <!-- afterMethod -->
        <test-method is-config="true" signature="beforeMethod(java.lang.String)[pri:0, instance:testclasses.LoginPageTest@7bbc8656]" started-at="2025-07-19T13:59:20 IST" name="beforeMethod" finished-at="2025-07-19T13:59:27 IST" duration-ms="6459" status="PASS">
          <params>
            <param index="0">
              <value>
                <![CDATA[chrome]]>
              </value>
            </param>
          </params>
          <reporter-output>
          </reporter-output>
        </test-method> <!-- beforeMethod -->
        <test-method signature="verifyUnsuccessfulLogin(java.lang.String,java.lang.String)[pri:4, instance:testclasses.LoginPageTest@7bbc8656]" started-at="2025-07-19T13:59:27 IST" name="verifyUnsuccessfulLogin" data-provider="unsuccessfulLogin" finished-at="2025-07-19T13:59:28 IST" duration-ms="1456" status="PASS">
          <params>
            <param index="0">
              <value>
                <![CDATA[admin]]>
              </value>
            </param>
            <param index="1">
              <value>
                <![CDATA[admin]]>
              </value>
            </param>
          </params>
          <reporter-output>
          </reporter-output>
        </test-method> <!-- verifyUnsuccessfulLogin -->
        <test-method is-config="true" signature="afterMethod()[pri:0, instance:testclasses.LoginPageTest@7bbc8656]" started-at="2025-07-19T13:59:28 IST" name="afterMethod" finished-at="2025-07-19T13:59:29 IST" duration-ms="353" status="PASS">
          <reporter-output>
          </reporter-output>
        </test-method> <!-- afterMethod -->
      </class> <!-- testclasses.LoginPageTest -->
      <class name="testclasses.UserManagementTest">
        <test-method is-config="true" signature="beforeMethod(java.lang.String)[pri:0, instance:testclasses.UserManagementTest@7dc19a70]" started-at="2025-07-19T14:00:48 IST" name="beforeMethod" finished-at="2025-07-19T14:00:52 IST" duration-ms="4302" status="PASS">
          <params>
            <param index="0">
              <value>
                <![CDATA[chrome]]>
              </value>
            </param>
          </params>
          <reporter-output>
          </reporter-output>
        </test-method> <!-- beforeMethod -->
        <test-method signature="verifyForAdduserstext()[pri:0, instance:testclasses.UserManagementTest@7dc19a70]" started-at="2025-07-19T14:00:52 IST" name="verifyForAdduserstext" finished-at="2025-07-19T14:01:01 IST" duration-ms="8636" status="PASS">
          <reporter-output>
          </reporter-output>
        </test-method> <!-- verifyForAdduserstext -->
        <test-method is-config="true" signature="afterMethod()[pri:0, instance:testclasses.UserManagementTest@7dc19a70]" started-at="2025-07-19T14:01:01 IST" name="afterMethod" finished-at="2025-07-19T14:01:01 IST" duration-ms="393" status="PASS">
          <reporter-output>
          </reporter-output>
        </test-method> <!-- afterMethod -->
        <test-method is-config="true" signature="beforeMethod(java.lang.String)[pri:0, instance:testclasses.UserManagementTest@7dc19a70]" started-at="2025-07-19T14:01:01 IST" name="beforeMethod" finished-at="2025-07-19T14:01:05 IST" duration-ms="3977" status="PASS">
          <params>
            <param index="0">
              <value>
                <![CDATA[chrome]]>
              </value>
            </param>
          </params>
          <reporter-output>
          </reporter-output>
        </test-method> <!-- beforeMethod -->
        <test-method signature="verifynewuserCreated()[pri:1, instance:testclasses.UserManagementTest@7dc19a70]" started-at="2025-07-19T14:01:05 IST" name="verifynewuserCreated" finished-at="2025-07-19T14:01:19 IST" duration-ms="13827" status="PASS">
          <reporter-output>
          </reporter-output>
        </test-method> <!-- verifynewuserCreated -->
        <test-method is-config="true" signature="afterMethod()[pri:0, instance:testclasses.UserManagementTest@7dc19a70]" started-at="2025-07-19T14:01:19 IST" name="afterMethod" finished-at="2025-07-19T14:01:19 IST" duration-ms="391" status="PASS">
          <reporter-output>
          </reporter-output>
        </test-method> <!-- afterMethod -->
      </class> <!-- testclasses.UserManagementTest -->
    </test> <!-- Test -->
  </suite> <!-- TestSuite -->
</testng-results>
