<?xml version="1.0" encoding="UTF-8"?>
<!-- Generated by org.testng.reporters.JUnitXMLReporter -->
<testsuite ignored="5" hostname="DESKTOP-TD3KLSF" failures="0" tests="3" name="Test" time="33.014" errors="0" timestamp="2025-07-16T14:13:39 IST">
  <testcase classname="testclasses.LoginPageTest" name="verifyIstheremembermecheckboxenaled" time="0.107"/>
  <testcase classname="testclasses.LoginPageTest" name="verifySuccessfulLogin" time="6.261"/>
  <testcase classname="testclasses.HomePageTest" name="calculatorname" time="8.539"/>
  <testcase classname="testclasses.LoginPageTest" name="verifyLogoDisplayed" time="0.0">
    <ignored/>
  </testcase> <!-- verifyLogoDisplayed -->
  <testcase classname="baseclass.BaseClass" name="@BeforeSuite createReport" time="0.0">
    <ignored/>
  </testcase> <!-- @BeforeSuite createReport -->
  <testcase classname="testclasses.LoginPageTest" name="verifyUnsuccessfulLogin" time="0.0">
    <ignored/>
  </testcase> <!-- verifyUnsuccessfulLogin -->
  <testcase classname="testclasses.LoginPageTest" name="verifyTitleofthePage" time="0.0">
    <ignored/>
  </testcase> <!-- verifyTitleofthePage -->
  <testcase classname="testclasses.HomePageTest" name="verifyReachedUserManagementPage" time="0.0">
    <ignored/>
  </testcase> <!-- verifyReachedUserManagementPage -->
</testsuite> <!-- Test -->
