<?xml version="1.0" encoding="UTF-8"?>
<!-- Generated by org.testng.reporters.JUnitXMLReporter -->
<testsuite ignored="0" hostname="DESKTOP-TD3KLSF" failures="0" tests="7" name="Chrome Test" time="50.529" errors="0" timestamp="2025-07-16T14:39:34 IST">
  <testcase classname="testclasses.LoginPageTest" name="verifyLogoDisplayed" time="0.13"/>
  <testcase classname="testclasses.LoginPageTest" name="verifyTitleofthePage" time="1.346"/>
  <testcase classname="testclasses.LoginPageTest" name="verifyIstheremembermecheckboxenaled" time="0.039"/>
  <testcase classname="testclasses.LoginPageTest" name="verifySuccessfulLogin" time="4.586"/>
  <testcase classname="testclasses.LoginPageTest" name="verifyUnsuccessfulLogin" time="1.767"/>
  <testcase classname="testclasses.LoginPageTest" name="verifyUnsuccessfulLogin" time="1.537"/>
  <testcase classname="testclasses.LoginPageTest" name="verifyUnsuccessfulLogin" time="1.802"/>
</testsuite> <!-- Chrome Test -->
