<?xml version="1.0" encoding="UTF-8"?>
<!-- Generated by org.testng.reporters.JUnitXMLReporter -->
<testsuite ignored="0" hostname="DESKTOP-TD3KLSF" failures="0" tests="7" name="Edge Test" time="54.141" errors="0" timestamp="2025-07-16T14:40:28 IST">
  <testcase classname="testclasses.LoginPageTest" name="verifyLogoDisplayed" time="0.113"/>
  <testcase classname="testclasses.LoginPageTest" name="verifyTitleofthePage" time="0.122"/>
  <testcase classname="testclasses.LoginPageTest" name="verifyIstheremembermecheckboxenaled" time="0.043"/>
  <testcase classname="testclasses.LoginPageTest" name="verifySuccessfulLogin" time="4.117"/>
  <testcase classname="testclasses.LoginPageTest" name="verifyUnsuccessfulLogin" time="1.301"/>
  <testcase classname="testclasses.LoginPageTest" name="verifyUnsuccessfulLogin" time="1.207"/>
  <testcase classname="testclasses.LoginPageTest" name="verifyUnsuccessfulLogin" time="1.622"/>
</testsuite> <!-- Edge Test -->
